{"/Users/dash/Developer/quiz-app/app.js": {"path":"/Users/dash/Developer/quiz-app/app.js","statementMap":{"0":{"start":{"line":1,"column":16},"end":{"line":1,"column":34}},"1":{"start":{"line":2,"column":19},"end":{"line":2,"column":41}},"2":{"start":{"line":3,"column":19},"end":{"line":3,"column":49}},"3":{"start":{"line":4,"column":21},"end":{"line":4,"column":53}},"4":{"start":{"line":5,"column":12},"end":{"line":5,"column":29}},"5":{"start":{"line":6,"column":13},"end":{"line":6,"column":28}},"6":{"start":{"line":9,"column":0},"end":{"line":12,"column":3}},"7":{"start":{"line":14,"column":12},"end":{"line":14,"column":21}},"8":{"start":{"line":15,"column":13},"end":{"line":15,"column":41}},"9":{"start":{"line":18,"column":0},"end":{"line":18,"column":27}},"10":{"start":{"line":21,"column":0},"end":{"line":21,"column":29}},"11":{"start":{"line":22,"column":0},"end":{"line":22,"column":33}},"12":{"start":{"line":25,"column":0},"end":{"line":27,"column":3}},"13":{"start":{"line":26,"column":2},"end":{"line":26,"column":65}},"14":{"start":{"line":29,"column":0},"end":{"line":29,"column":21}}},"fnMap":{"0":{"name":"(anonymous_0)","decl":{"start":{"line":25,"column":17},"end":{"line":25,"column":18}},"loc":{"start":{"line":25,"column":23},"end":{"line":27,"column":1}},"line":25}},"branchMap":{"0":{"loc":{"start":{"line":15,"column":13},"end":{"line":15,"column":41}},"type":"binary-expr","locations":[{"start":{"line":15,"column":13},"end":{"line":15,"column":33}},{"start":{"line":15,"column":37},"end":{"line":15,"column":41}}],"line":15}},"s":{"0":1,"1":1,"2":1,"3":1,"4":1,"5":1,"6":1,"7":1,"8":1,"9":1,"10":1,"11":1,"12":1,"13":1,"14":1},"f":{"0":1},"b":{"0":[1,0]},"_coverageSchema":"1a1c01bbd47fc00a2c39e90264f33305004495a9","hash":"819ce72426e7f5a9eded2c09e12546e4d23ef820"}
,"/Users/dash/Developer/quiz-app/database/config.js": {"path":"/Users/dash/Developer/quiz-app/database/config.js","statementMap":{"0":{"start":{"line":1,"column":16},"end":{"line":1,"column":44}},"1":{"start":{"line":2,"column":11},"end":{"line":2,"column":43}},"2":{"start":{"line":5,"column":0},"end":{"line":11,"column":3}},"3":{"start":{"line":6,"column":2},"end":{"line":6,"column":84}},"4":{"start":{"line":7,"column":2},"end":{"line":7,"column":171}},"5":{"start":{"line":8,"column":2},"end":{"line":8,"column":177}},"6":{"start":{"line":9,"column":2},"end":{"line":9,"column":155}},"7":{"start":{"line":10,"column":2},"end":{"line":10,"column":166}},"8":{"start":{"line":13,"column":0},"end":{"line":13,"column":20}}},"fnMap":{"0":{"name":"(anonymous_0)","decl":{"start":{"line":5,"column":13},"end":{"line":5,"column":14}},"loc":{"start":{"line":5,"column":19},"end":{"line":11,"column":1}},"line":5}},"branchMap":{},"s":{"0":1,"1":1,"2":1,"3":1,"4":1,"5":1,"6":1,"7":1,"8":1},"f":{"0":1},"b":{},"_coverageSchema":"1a1c01bbd47fc00a2c39e90264f33305004495a9","hash":"327ca4357b223ee55c0e8d12f8e6832c63070f4a"}
,"/Users/dash/Developer/quiz-app/models/answer.js": {"path":"/Users/dash/Developer/quiz-app/models/answer.js","statementMap":{"0":{"start":{"line":1,"column":11},"end":{"line":1,"column":40}},"1":{"start":{"line":2,"column":16},"end":{"line":2,"column":43}},"2":{"start":{"line":4,"column":15},"end":{"line":26,"column":3}},"3":{"start":{"line":6,"column":6},"end":{"line":24,"column":9}},"4":{"start":{"line":7,"column":8},"end":{"line":7,"column":38}},"5":{"start":{"line":7,"column":17},"end":{"line":7,"column":38}},"6":{"start":{"line":9,"column":8},"end":{"line":12,"column":9}},"7":{"start":{"line":10,"column":10},"end":{"line":10,"column":58}},"8":{"start":{"line":11,"column":10},"end":{"line":11,"column":82}},"9":{"start":{"line":14,"column":26},"end":{"line":14,"column":64}},"10":{"start":{"line":16,"column":8},"end":{"line":23,"column":10}},"11":{"start":{"line":20,"column":12},"end":{"line":20,"column":42}},"12":{"start":{"line":20,"column":21},"end":{"line":20,"column":42}},"13":{"start":{"line":21,"column":12},"end":{"line":21,"column":96}},"14":{"start":{"line":28,"column":2},"end":{"line":28,"column":26}}},"fnMap":{"0":{"name":"(anonymous_0)","decl":{"start":{"line":5,"column":12},"end":{"line":5,"column":13}},"loc":{"start":{"line":5,"column":65},"end":{"line":25,"column":5}},"line":5},"1":{"name":"(anonymous_1)","decl":{"start":{"line":6,"column":53},"end":{"line":6,"column":54}},"loc":{"start":{"line":6,"column":67},"end":{"line":24,"column":7}},"line":6},"2":{"name":"(anonymous_2)","decl":{"start":{"line":19,"column":10},"end":{"line":19,"column":11}},"loc":{"start":{"line":19,"column":25},"end":{"line":22,"column":11}},"line":19}},"branchMap":{"0":{"loc":{"start":{"line":7,"column":8},"end":{"line":7,"column":38}},"type":"if","locations":[{"start":{"line":7,"column":8},"end":{"line":7,"column":38}},{"start":{},"end":{}}],"line":7},"1":{"loc":{"start":{"line":9,"column":8},"end":{"line":12,"column":9}},"type":"if","locations":[{"start":{"line":9,"column":8},"end":{"line":12,"column":9}},{"start":{},"end":{}}],"line":9},"2":{"loc":{"start":{"line":20,"column":12},"end":{"line":20,"column":42}},"type":"if","locations":[{"start":{"line":20,"column":12},"end":{"line":20,"column":42}},{"start":{},"end":{}}],"line":20},"3":{"loc":{"start":{"line":21,"column":55},"end":{"line":21,"column":92}},"type":"cond-expr","locations":[{"start":{"line":21,"column":67},"end":{"line":21,"column":71}},{"start":{"line":21,"column":74},"end":{"line":21,"column":92}}],"line":21}},"s":{"0":1,"1":1,"2":1,"3":2,"4":2,"5":0,"6":2,"7":0,"8":0,"9":2,"10":2,"11":2,"12":0,"13":2,"14":1},"f":{"0":2,"1":2,"2":2},"b":{"0":[0,2],"1":[0,2],"2":[0,2],"3":[1,1]},"_coverageSchema":"1a1c01bbd47fc00a2c39e90264f33305004495a9","hash":"0533b6b29c58c003a2675ec6070aff16a3376f78"}
,"/Users/dash/Developer/quiz-app/models/quiz.js": {"path":"/Users/dash/Developer/quiz-app/models/quiz.js","statementMap":{"0":{"start":{"line":1,"column":11},"end":{"line":1,"column":40}},"1":{"start":{"line":2,"column":16},"end":{"line":2,"column":43}},"2":{"start":{"line":4,"column":13},"end":{"line":56,"column":1}},"3":{"start":{"line":6,"column":4},"end":{"line":23,"column":7}},"4":{"start":{"line":7,"column":6},"end":{"line":7,"column":36}},"5":{"start":{"line":7,"column":15},"end":{"line":7,"column":36}},"6":{"start":{"line":9,"column":21},"end":{"line":9,"column":32}},"7":{"start":{"line":11,"column":6},"end":{"line":21,"column":9}},"8":{"start":{"line":12,"column":8},"end":{"line":20,"column":11}},"9":{"start":{"line":13,"column":10},"end":{"line":13,"column":40}},"10":{"start":{"line":13,"column":19},"end":{"line":13,"column":40}},"11":{"start":{"line":14,"column":29},"end":{"line":14,"column":40}},"12":{"start":{"line":16,"column":10},"end":{"line":18,"column":13}},"13":{"start":{"line":17,"column":12},"end":{"line":17,"column":82}},"14":{"start":{"line":19,"column":10},"end":{"line":19,"column":50}},"15":{"start":{"line":22,"column":6},"end":{"line":22,"column":29}},"16":{"start":{"line":27,"column":4},"end":{"line":53,"column":6}},"17":{"start":{"line":31,"column":8},"end":{"line":31,"column":38}},"18":{"start":{"line":31,"column":17},"end":{"line":31,"column":38}},"19":{"start":{"line":33,"column":8},"end":{"line":33,"column":59}},"20":{"start":{"line":33,"column":31},"end":{"line":33,"column":59}},"21":{"start":{"line":35,"column":26},"end":{"line":35,"column":44}},"22":{"start":{"line":37,"column":26},"end":{"line":49,"column":14}},"23":{"start":{"line":38,"column":27},"end":{"line":38,"column":68}},"24":{"start":{"line":38,"column":43},"end":{"line":38,"column":67}},"25":{"start":{"line":39,"column":10},"end":{"line":47,"column":11}},"26":{"start":{"line":40,"column":12},"end":{"line":40,"column":86}},"27":{"start":{"line":42,"column":12},"end":{"line":46,"column":15}},"28":{"start":{"line":48,"column":10},"end":{"line":48,"column":21}},"29":{"start":{"line":51,"column":8},"end":{"line":51,"column":61}},"30":{"start":{"line":61,"column":0},"end":{"line":61,"column":22}}},"fnMap":{"0":{"name":"(anonymous_0)","decl":{"start":{"line":5,"column":10},"end":{"line":5,"column":11}},"loc":{"start":{"line":5,"column":42},"end":{"line":24,"column":3}},"line":5},"1":{"name":"(anonymous_1)","decl":{"start":{"line":6,"column":49},"end":{"line":6,"column":50}},"loc":{"start":{"line":6,"column":64},"end":{"line":23,"column":5}},"line":6},"2":{"name":"(anonymous_2)","decl":{"start":{"line":11,"column":24},"end":{"line":11,"column":25}},"loc":{"start":{"line":11,"column":38},"end":{"line":21,"column":7}},"line":11},"3":{"name":"(anonymous_3)","decl":{"start":{"line":12,"column":94},"end":{"line":12,"column":95}},"loc":{"start":{"line":12,"column":109},"end":{"line":20,"column":9}},"line":12},"4":{"name":"(anonymous_4)","decl":{"start":{"line":16,"column":35},"end":{"line":16,"column":36}},"loc":{"start":{"line":16,"column":54},"end":{"line":18,"column":11}},"line":16},"5":{"name":"(anonymous_5)","decl":{"start":{"line":26,"column":9},"end":{"line":26,"column":10}},"loc":{"start":{"line":26,"column":27},"end":{"line":54,"column":3}},"line":26},"6":{"name":"(anonymous_6)","decl":{"start":{"line":30,"column":6},"end":{"line":30,"column":7}},"loc":{"start":{"line":30,"column":21},"end":{"line":52,"column":7}},"line":30},"7":{"name":"(anonymous_7)","decl":{"start":{"line":37,"column":38},"end":{"line":37,"column":39}},"loc":{"start":{"line":37,"column":52},"end":{"line":49,"column":9}},"line":37},"8":{"name":"(anonymous_8)","decl":{"start":{"line":38,"column":36},"end":{"line":38,"column":37}},"loc":{"start":{"line":38,"column":43},"end":{"line":38,"column":67}},"line":38}},"branchMap":{"0":{"loc":{"start":{"line":7,"column":6},"end":{"line":7,"column":36}},"type":"if","locations":[{"start":{"line":7,"column":6},"end":{"line":7,"column":36}},{"start":{},"end":{}}],"line":7},"1":{"loc":{"start":{"line":13,"column":10},"end":{"line":13,"column":40}},"type":"if","locations":[{"start":{"line":13,"column":10},"end":{"line":13,"column":40}},{"start":{},"end":{}}],"line":13},"2":{"loc":{"start":{"line":31,"column":8},"end":{"line":31,"column":38}},"type":"if","locations":[{"start":{"line":31,"column":8},"end":{"line":31,"column":38}},{"start":{},"end":{}}],"line":31},"3":{"loc":{"start":{"line":33,"column":8},"end":{"line":33,"column":59}},"type":"if","locations":[{"start":{"line":33,"column":8},"end":{"line":33,"column":59}},{"start":{},"end":{}}],"line":33},"4":{"loc":{"start":{"line":39,"column":10},"end":{"line":47,"column":11}},"type":"if","locations":[{"start":{"line":39,"column":10},"end":{"line":47,"column":11}},{"start":{"line":41,"column":17},"end":{"line":47,"column":11}}],"line":39}},"s":{"0":2,"1":2,"2":2,"3":2,"4":2,"5":0,"6":2,"7":2,"8":2,"9":1,"10":0,"11":1,"12":1,"13":4,"14":1,"15":2,"16":2,"17":2,"18":0,"19":2,"20":0,"21":2,"22":2,"23":5,"24":3,"25":5,"26":3,"27":2,"28":5,"29":2,"30":2},"f":{"0":2,"1":2,"2":2,"3":1,"4":4,"5":2,"6":2,"7":5,"8":3},"b":{"0":[0,2],"1":[0,1],"2":[0,2],"3":[0,2],"4":[3,2]},"_coverageSchema":"1a1c01bbd47fc00a2c39e90264f33305004495a9","hash":"34eb9f3061196d97188e519f812d56ae364be2f5"}
,"/Users/dash/Developer/quiz-app/models/result.js": {"path":"/Users/dash/Developer/quiz-app/models/result.js","statementMap":{"0":{"start":{"line":1,"column":11},"end":{"line":1,"column":40}},"1":{"start":{"line":2,"column":16},"end":{"line":2,"column":43}},"2":{"start":{"line":4,"column":15},"end":{"line":32,"column":3}},"3":{"start":{"line":6,"column":6},"end":{"line":30,"column":8}},"4":{"start":{"line":7,"column":10},"end":{"line":7,"column":40}},"5":{"start":{"line":7,"column":19},"end":{"line":7,"column":40}},"6":{"start":{"line":9,"column":33},"end":{"line":9,"column":76}},"7":{"start":{"line":9,"column":54},"end":{"line":9,"column":68}},"8":{"start":{"line":10,"column":24},"end":{"line":10,"column":71}},"9":{"start":{"line":12,"column":10},"end":{"line":28,"column":12}},"10":{"start":{"line":13,"column":14},"end":{"line":13,"column":44}},"11":{"start":{"line":13,"column":23},"end":{"line":13,"column":44}},"12":{"start":{"line":15,"column":14},"end":{"line":26,"column":17}},"13":{"start":{"line":19,"column":43},"end":{"line":19,"column":62}},"14":{"start":{"line":20,"column":44},"end":{"line":25,"column":17}},"15":{"start":{"line":34,"column":2},"end":{"line":34,"column":26}}},"fnMap":{"0":{"name":"(anonymous_0)","decl":{"start":{"line":5,"column":22},"end":{"line":5,"column":23}},"loc":{"start":{"line":5,"column":54},"end":{"line":31,"column":5}},"line":5},"1":{"name":"(anonymous_1)","decl":{"start":{"line":6,"column":61},"end":{"line":6,"column":62}},"loc":{"start":{"line":6,"column":76},"end":{"line":29,"column":9}},"line":6},"2":{"name":"(anonymous_2)","decl":{"start":{"line":9,"column":45},"end":{"line":9,"column":46}},"loc":{"start":{"line":9,"column":54},"end":{"line":9,"column":68}},"line":9},"3":{"name":"(anonymous_3)","decl":{"start":{"line":12,"column":69},"end":{"line":12,"column":70}},"loc":{"start":{"line":12,"column":84},"end":{"line":27,"column":13}},"line":12},"4":{"name":"(anonymous_4)","decl":{"start":{"line":19,"column":34},"end":{"line":19,"column":35}},"loc":{"start":{"line":19,"column":43},"end":{"line":19,"column":62}},"line":19},"5":{"name":"(anonymous_5)","decl":{"start":{"line":20,"column":34},"end":{"line":20,"column":35}},"loc":{"start":{"line":20,"column":44},"end":{"line":25,"column":17}},"line":20}},"branchMap":{"0":{"loc":{"start":{"line":7,"column":10},"end":{"line":7,"column":40}},"type":"if","locations":[{"start":{"line":7,"column":10},"end":{"line":7,"column":40}},{"start":{},"end":{}}],"line":7},"1":{"loc":{"start":{"line":13,"column":14},"end":{"line":13,"column":44}},"type":"if","locations":[{"start":{"line":13,"column":14},"end":{"line":13,"column":44}},{"start":{},"end":{}}],"line":13}},"s":{"0":1,"1":1,"2":1,"3":0,"4":0,"5":0,"6":0,"7":0,"8":0,"9":0,"10":0,"11":0,"12":0,"13":0,"14":0,"15":1},"f":{"0":0,"1":0,"2":0,"3":0,"4":0,"5":0},"b":{"0":[0,0],"1":[0,0]},"_coverageSchema":"1a1c01bbd47fc00a2c39e90264f33305004495a9","hash":"2c63b11a0e739f09870e400fec59bbcf4bff32e9"}
,"/Users/dash/Developer/quiz-app/routes/answerRoutes.js": {"path":"/Users/dash/Developer/quiz-app/routes/answerRoutes.js","statementMap":{"0":{"start":{"line":1,"column":16},"end":{"line":1,"column":34}},"1":{"start":{"line":2,"column":15},"end":{"line":2,"column":31}},"2":{"start":{"line":3,"column":15},"end":{"line":3,"column":42}},"3":{"start":{"line":4,"column":15},"end":{"line":4,"column":42}},"4":{"start":{"line":14,"column":0},"end":{"line":20,"column":5}},"5":{"start":{"line":15,"column":54},"end":{"line":15,"column":62}},"6":{"start":{"line":16,"column":4},"end":{"line":19,"column":7}},"7":{"start":{"line":17,"column":6},"end":{"line":17,"column":67}},"8":{"start":{"line":17,"column":15},"end":{"line":17,"column":67}},"9":{"start":{"line":18,"column":6},"end":{"line":18,"column":23}},"10":{"start":{"line":23,"column":0},"end":{"line":29,"column":3}},"11":{"start":{"line":24,"column":31},"end":{"line":24,"column":41}},"12":{"start":{"line":25,"column":2},"end":{"line":28,"column":5}},"13":{"start":{"line":26,"column":4},"end":{"line":26,"column":65}},"14":{"start":{"line":26,"column":13},"end":{"line":26,"column":65}},"15":{"start":{"line":27,"column":4},"end":{"line":27,"column":22}},"16":{"start":{"line":31,"column":0},"end":{"line":31,"column":24}}},"fnMap":{"0":{"name":"(anonymous_0)","decl":{"start":{"line":14,"column":23},"end":{"line":14,"column":24}},"loc":{"start":{"line":14,"column":37},"end":{"line":20,"column":3}},"line":14},"1":{"name":"(anonymous_1)","decl":{"start":{"line":16,"column":57},"end":{"line":16,"column":58}},"loc":{"start":{"line":16,"column":74},"end":{"line":19,"column":5}},"line":16},"2":{"name":"(anonymous_2)","decl":{"start":{"line":23,"column":41},"end":{"line":23,"column":42}},"loc":{"start":{"line":23,"column":55},"end":{"line":29,"column":1}},"line":23},"3":{"name":"(anonymous_3)","decl":{"start":{"line":25,"column":44},"end":{"line":25,"column":45}},"loc":{"start":{"line":25,"column":62},"end":{"line":28,"column":3}},"line":25}},"branchMap":{"0":{"loc":{"start":{"line":17,"column":6},"end":{"line":17,"column":67}},"type":"if","locations":[{"start":{"line":17,"column":6},"end":{"line":17,"column":67}},{"start":{},"end":{}}],"line":17},"1":{"loc":{"start":{"line":26,"column":4},"end":{"line":26,"column":65}},"type":"if","locations":[{"start":{"line":26,"column":4},"end":{"line":26,"column":65}},{"start":{},"end":{}}],"line":26}},"s":{"0":1,"1":1,"2":1,"3":1,"4":1,"5":2,"6":2,"7":2,"8":0,"9":2,"10":1,"11":0,"12":0,"13":0,"14":0,"15":0,"16":1},"f":{"0":2,"1":2,"2":0,"3":0},"b":{"0":[0,2],"1":[0,0]},"_coverageSchema":"1a1c01bbd47fc00a2c39e90264f33305004495a9","hash":"b33046628954430661f2b4f3a1cd8b8675fa0412"}
,"/Users/dash/Developer/quiz-app/routes/quizRoutes.js": {"path":"/Users/dash/Developer/quiz-app/routes/quizRoutes.js","statementMap":{"0":{"start":{"line":1,"column":16},"end":{"line":1,"column":34}},"1":{"start":{"line":2,"column":15},"end":{"line":2,"column":31}},"2":{"start":{"line":3,"column":13},"end":{"line":3,"column":38}},"3":{"start":{"line":6,"column":0},"end":{"line":12,"column":3}},"4":{"start":{"line":7,"column":31},"end":{"line":7,"column":39}},"5":{"start":{"line":8,"column":2},"end":{"line":11,"column":5}},"6":{"start":{"line":9,"column":4},"end":{"line":10,"column":85}},"7":{"start":{"line":9,"column":13},"end":{"line":9,"column":65}},"8":{"start":{"line":10,"column":9},"end":{"line":10,"column":85}},"9":{"start":{"line":15,"column":0},"end":{"line":21,"column":3}},"10":{"start":{"line":16,"column":17},"end":{"line":16,"column":30}},"11":{"start":{"line":17,"column":2},"end":{"line":20,"column":5}},"12":{"start":{"line":18,"column":4},"end":{"line":18,"column":65}},"13":{"start":{"line":18,"column":13},"end":{"line":18,"column":65}},"14":{"start":{"line":19,"column":4},"end":{"line":19,"column":19}},"15":{"start":{"line":23,"column":0},"end":{"line":23,"column":24}}},"fnMap":{"0":{"name":"(anonymous_0)","decl":{"start":{"line":6,"column":23},"end":{"line":6,"column":24}},"loc":{"start":{"line":6,"column":37},"end":{"line":12,"column":1}},"line":6},"1":{"name":"(anonymous_1)","decl":{"start":{"line":8,"column":32},"end":{"line":8,"column":33}},"loc":{"start":{"line":8,"column":49},"end":{"line":11,"column":3}},"line":8},"2":{"name":"(anonymous_2)","decl":{"start":{"line":15,"column":19},"end":{"line":15,"column":20}},"loc":{"start":{"line":15,"column":33},"end":{"line":21,"column":1}},"line":15},"3":{"name":"(anonymous_3)","decl":{"start":{"line":17,"column":23},"end":{"line":17,"column":24}},"loc":{"start":{"line":17,"column":38},"end":{"line":20,"column":3}},"line":17}},"branchMap":{"0":{"loc":{"start":{"line":9,"column":4},"end":{"line":10,"column":85}},"type":"if","locations":[{"start":{"line":9,"column":4},"end":{"line":10,"column":85}},{"start":{"line":10,"column":9},"end":{"line":10,"column":85}}],"line":9},"1":{"loc":{"start":{"line":18,"column":4},"end":{"line":18,"column":65}},"type":"if","locations":[{"start":{"line":18,"column":4},"end":{"line":18,"column":65}},{"start":{},"end":{}}],"line":18}},"s":{"0":1,"1":1,"2":1,"3":1,"4":1,"5":1,"6":1,"7":0,"8":1,"9":1,"10":1,"11":1,"12":1,"13":0,"14":1,"15":1},"f":{"0":1,"1":1,"2":1,"3":1},"b":{"0":[0,1],"1":[0,1]},"_coverageSchema":"1a1c01bbd47fc00a2c39e90264f33305004495a9","hash":"f4ed2a3b610a51634af6d42557ff1482b7eac3f2"}
,"/Users/dash/Developer/quiz-app/utils/queries.js": {"path":"/Users/dash/Developer/quiz-app/utils/queries.js","statementMap":{"0":{"start":{"line":1,"column":16},"end":{"line":21,"column":1}},"1":{"start":{"line":23,"column":0},"end":{"line":23,"column":25}}},"fnMap":{},"branchMap":{},"s":{"0":2,"1":2},"f":{},"b":{},"_coverageSchema":"1a1c01bbd47fc00a2c39e90264f33305004495a9","hash":"a593a352074e6da13d2940e3c395fe87e17079b6"}
}
